#
# There is insufficient memory for the Java Runtime Environment to continue.
# Native memory allocation (malloc) failed to allocate 1048576 bytes for AllocateHeap
# Possible reasons:
#   The system is out of physical RAM or swap space
#   The process is running with CompressedOops enabled, and the Java Heap may be blocking the growth of the native heap
# Possible solutions:
#   Reduce memory load on the system
#   Increase physical memory or swap space
#   Check if swap backing store is full
#   Decrease Java heap size (-Xmx/-Xms)
#   Decrease number of Java threads
#   Decrease Java thread stack sizes (-Xss)
#   Set larger code cache with -XX:ReservedCodeCacheSize=
#   JVM is running with Unscaled Compressed Oops mode in which the Java heap is
#     placed in the first 4GB address space. The Java Heap base address is the
#     maximum limit for the native heap growth. Please use -XX:HeapBaseMinAddress
#     to set the Java Heap base and to place the Java Heap above 4GB virtual address.
# This output file may be truncated or incomplete.
#
#  Out of Memory Error (allocation.cpp:44), pid=12292, tid=4268
#
# JRE version:  (17.0.10) (build )
# Java VM: OpenJDK 64-Bit Server VM (17.0.10+0--11609105, mixed mode, sharing, tiered, compressed oops, compressed class ptrs, g1 gc, windows-amd64)
# No core dump will be written. Minidumps are not enabled by default on client versions of Windows
#

---------------  S U M M A R Y ------------

Command Line: git4idea.http.GitAskPassApp Username for 'https://github.com': 

Host: AMD Ryzen 5 3500U with Radeon Vega Mobile Gfx  , 8 cores, 6G,  Windows 10 , 64 bit Build 19041 (10.0.19041.3636)
Time: Thu Jun 27 05:50:20 2024 RTZ 2 (s 10 , 64 bit Build 19041 (10.0.19041.3636) elapsed time: 0.049265 seconds (0d 0h 0m 0s)

---------------  T H R E A D  ---------------

Current thread (0x0000027202f00950):  JavaThread "Unknown thread" [_thread_in_vm, id=4268, stack(0x000000e374400000,0x000000e374500000)]

Stack: [0x000000e374400000,0x000000e374500000]
Native frames: (J=compiled Java code, j=interpreted, Vv=VM code, C=native code)
V  [jvm.dll+0x688de9]
V  [jvm.dll+0x8423da]
V  [jvm.dll+0x84401e]
V  [jvm.dll+0x844683]
V  [jvm.dll+0x24be0f]
V  [jvm.dll+0xa6ca3]
V  [jvm.dll+0x2de534]
V  [jvm.dll+0x812f3c]
V  [jvm.dll+0x371c81]
V  [jvm.dll+0x7f1ac6]
V  [jvm.dll+0x3f58df]
V  [jvm.dll+0x3f7511]
C  [jli.dll+0x528f]
C  [ucrtbase.dll+0x21bb2]
C  [KERNEL32.DLL+0x17344]
C  [ntdll.dll+0x526b1]


---------------  P R O C E S S  ---------------

Threads class SMR info:
_java_thread_list=0x00007ffa4f83ef58, length=0, elements={
}

Java Threads: ( => current thread )

Other Threads:

=>0x0000027202f00950 (exited) JavaThread "Unknown thread" [_thread_in_vm, id=4268, stack(0x000000e374400000,0x000000e374500000)]

Threads with active compile tasks:

VM state: not at safepoint (not fully initialized)

VM Mutex/Monitor currently owned by a thread: None

Heap address: 0x0000000000000000, size: 0 MB, Compressed Oops mode: 32-bit

CDS archive(s) mapped at: [0x0000000000000000-0x0000000000000000-0x0000000000000000), size 0, SharedBaseAddress: 0x0000000800000000, ArchiveRelocationMode: 1.
Narrow klass base: 0x0000000000000000, Narrow klass shift: 0, Narrow klass range: 0x0

GC Precious Log:
<Empty>

GC Heap History (0 events):
No events

Dll operation events (1 events):
Event: 0.033 Loaded shared library D:\AndroidStudio\jbr\bin\java.dll

Deoptimization events (0 events):
No events

Classes unloaded (0 events):
No events

Classes redefined (0 events):
No events

Internal exceptions (0 events):
No events

VM Operations (0 events):
No events

Events (0 events):
No events


Dynamic libraries:
0x00007ff751390000 - 0x00007ff75139a000 	D:\AndroidStudio\jbr\bin\java.exe
0x00007ffac75f0000 - 0x00007ffac77e8000 	C:\Windows\SYSTEM32\ntdll.dll
0x00007ffac6510000 - 0x00007ffac65cd000 	C:\Windows\System32\KERNEL32.DLL
0x00007ffac4d70000 - 0x00007ffac5066000 	C:\Windows\System32\KERNELBASE.dll
0x00007ffac5200000 - 0x00007ffac5300000 	C:\Windows\System32\ucrtbase.dll
0x00007ffa9dd00000 - 0x00007ffa9dd17000 	D:\AndroidStudio\jbr\bin\jli.dll
0x00007ffabf340000 - 0x00007ffabf35b000 	D:\AndroidStudio\jbr\bin\VCRUNTIME140.dll
0x00007ffac60d0000 - 0x00007ffac626e000 	C:\Windows\System32\USER32.dll
0x00007ffac4d40000 - 0x00007ffac4d62000 	C:\Windows\System32\win32u.dll
0x00007ffac64e0000 - 0x00007ffac650b000 	C:\Windows\System32\GDI32.dll
0x00007ffac50e0000 - 0x00007ffac51f7000 	C:\Windows\System32\gdi32full.dll
0x00007ffac4ca0000 - 0x00007ffac4d3d000 	C:\Windows\System32\msvcp_win.dll
0x00007ffaab2a0000 - 0x00007ffaab53a000 	C:\Windows\WinSxS\amd64_microsoft.windows.common-controls_6595b64144ccf1df_6.0.19041.3636_none_60b6a03d71f818d5\COMCTL32.dll
0x00007ffac6030000 - 0x00007ffac60ce000 	C:\Windows\System32\msvcrt.dll
0x00007ffac6e00000 - 0x00007ffac6e32000 	C:\Windows\System32\IMM32.DLL
0x00007ffac1110000 - 0x00007ffac111c000 	D:\AndroidStudio\jbr\bin\vcruntime140_1.dll
0x00007ffa9d110000 - 0x00007ffa9d19d000 	D:\AndroidStudio\jbr\bin\msvcp140.dll
0x00007ffa4ed00000 - 0x00007ffa4f983000 	D:\AndroidStudio\jbr\bin\server\jvm.dll
0x00007ffac6ce0000 - 0x00007ffac6d90000 	C:\Windows\System32\ADVAPI32.dll
0x00007ffac6440000 - 0x00007ffac64e0000 	C:\Windows\System32\sechost.dll
0x00007ffac6a90000 - 0x00007ffac6bb5000 	C:\Windows\System32\RPCRT4.dll
0x00007ffac55f0000 - 0x00007ffac5617000 	C:\Windows\System32\bcrypt.dll
0x00007ffac2290000 - 0x00007ffac22b7000 	C:\Windows\SYSTEM32\WINMM.dll
0x00007ffabb840000 - 0x00007ffabb84a000 	C:\Windows\SYSTEM32\VERSION.dll
0x00007ffac4b00000 - 0x00007ffac4b4b000 	C:\Windows\SYSTEM32\POWRPROF.dll
0x00007ffabfc10000 - 0x00007ffabfc19000 	C:\Windows\SYSTEM32\WSOCK32.dll
0x00007ffac6bc0000 - 0x00007ffac6c2b000 	C:\Windows\System32\ws2_32.DLL
0x00007ffac4ae0000 - 0x00007ffac4af2000 	C:\Windows\SYSTEM32\UMPDC.dll
0x00007ffac34f0000 - 0x00007ffac3502000 	C:\Windows\SYSTEM32\kernel.appcore.dll
0x00007ffac00c0000 - 0x00007ffac00ca000 	D:\AndroidStudio\jbr\bin\jimage.dll
0x00007ffac2d00000 - 0x00007ffac2ee4000 	C:\Windows\SYSTEM32\DBGHELP.DLL
0x00007ffabbbb0000 - 0x00007ffabbbe4000 	C:\Windows\SYSTEM32\dbgcore.DLL
0x00007ffac5350000 - 0x00007ffac53d2000 	C:\Windows\System32\bcryptPrimitives.dll
0x00007ffabee10000 - 0x00007ffabee35000 	D:\AndroidStudio\jbr\bin\java.dll

dbghelp: loaded successfully - version: 4.0.5 - missing functions: none
symbol engine: initialized successfully - sym options: 0x614 - pdb path: .;D:\AndroidStudio\jbr\bin;C:\Windows\SYSTEM32;C:\Windows\WinSxS\amd64_microsoft.windows.common-controls_6595b64144ccf1df_6.0.19041.3636_none_60b6a03d71f818d5;D:\AndroidStudio\jbr\bin\server

VM Arguments:
java_command: git4idea.http.GitAskPassApp Username for 'https://github.com': 
java_class_path (initial): D:/AndroidStudio/plugins/vcs-git/lib/git4idea-rt.jar;D:/AndroidStudio/lib/externalProcess-rt.jar
Launcher Type: SUN_STANDARD

[Global flags]
     intx CICompilerCount                          = 4                                         {product} {ergonomic}
     uint ConcGCThreads                            = 2                                         {product} {ergonomic}
     uint G1ConcRefinementThreads                  = 8                                         {product} {ergonomic}
   size_t G1HeapRegionSize                         = 1048576                                   {product} {ergonomic}
    uintx GCDrainStackTargetSize                   = 64                                        {product} {ergonomic}
   size_t InitialHeapSize                          = 117440512                                 {product} {ergonomic}
   size_t MarkStackSize                            = 4194304                                   {product} {ergonomic}
   size_t MaxHeapSize                              = 1862270976                                {product} {ergonomic}
   size_t MinHeapDeltaBytes                        = 1048576                                   {product} {ergonomic}
   size_t MinHeapSize                              = 8388608                                   {product} {ergonomic}
    uintx NonNMethodCodeHeapSize                   = 5839372                                {pd product} {ergonomic}
    uintx NonProfiledCodeHeapSize                  = 122909434                              {pd product} {ergonomic}
    uintx ProfiledCodeHeapSize                     = 122909434                              {pd product} {ergonomic}
    uintx ReservedCodeCacheSize                    = 251658240                              {pd product} {ergonomic}
     bool SegmentedCodeCache                       = true                                      {product} {ergonomic}
   size_t SoftMaxHeapSize                          = 1862270976                             {manageable} {ergonomic}
     bool UseCompressedClassPointers               = true                           {product lp64_product} {ergonomic}
     bool UseCompressedOops                        = true                           {product lp64_product} {ergonomic}
     bool UseG1GC                                  = true                                      {product} {ergonomic}
     bool UseLargePagesIndividualAllocation        = false                                  {pd product} {ergonomic}

Logging:
Log output configuration:
 #0: stdout all=warning uptime,level,tags
 #1: stderr all=off uptime,level,tags

Environment Variables:
JAVA_HOME=D:\JavaDev
PATH=D:\Git\mingw64\libexec\git-core;D:\Git\mingw64\libexec\git-core;D:\Git\mingw64\bin;D:\Git\usr\bin;C:\Users\mblss\bin;C:\Program Files\Common Files\Oracle\Java\javapath;C:\Program Files\Microsoft\jdk-11.0.16.101-hotspot\bin;C:\Program Files (x86)\Common Files\Oracle\Java\javapath;C:\Windows\system32;C:\Windows;C:\Windows\System32\Wbem;C:\Windows\System32\WindowsPowerShell\v1.0;C:\Windows\System32\OpenSSH;C:\Program Files\Microsoft SQL Server\Client SDK\ODBC\170\Tools\Binn;C:\Program Files (x86)\Microsoft SQL Server\150\Tools\Binn;C:\Program Files\Microsoft SQL Server\150\Tools\Binn;C:\Program Files\Microsoft SQL Server\150\DTS\Binn;C:\Program Files (x86)\Microsoft SQL Server\150\DTS\Binn;C:\Program Files\Microsoft SQL Server\160\Tools\Binn;C:\Program Files\dotnet;D:\Git\cmd;C:\Program Files\MySQL\MySQL Shell 8.0\bin;C:\Users\mblss\AppData\Local\Microsoft\WindowsApps;C:\Program Files\Azure Data Studio\bin;C:\Program Files\Azure Data Studio\bin;C:\Program Files\Azure Data Studio\bin;D:\Microsoft VS Code\bin;C:\Users\mblss\.dotnet\tools;D:\JavaDev\bin
USERNAME=mblss
DISPLAY=:0.0
LC_ALL=en_US.UTF-8
TERM=xterm-256color
TMPDIR=C:\Users\mblss\AppData\Local\Temp
OS=Windows_NT
PROCESSOR_IDENTIFIER=AMD64 Family 23 Model 24 Stepping 1, AuthenticAMD
TMP=C:\Users\mblss\AppData\Local\Temp
TEMP=C:\Users\mblss\AppData\Local\Temp



Periodic native trim disabled

JNI global refs:
JNI global refs: 0, weak refs: 0

JNI global refs memory usage: 0, weak refs: 0

OOME stack traces (most recent first):
Classloader memory used:


---------------  S Y S T E M  ---------------

OS:
 Windows 10 , 64 bit Build 19041 (10.0.19041.3636)
OS uptime: 56 days 14:19 hours
Hyper-V role detected

CPU: total 8 (initial active 8) (8 cores per cpu, 2 threads per core) family 23 model 24 stepping 1 microcode 0x0, cx8, cmov, fxsr, ht, mmx, 3dnowpref, sse, sse2, sse3, ssse3, sse4a, sse4.1, sse4.2, popcnt, lzcnt, tsc, tscinvbit, avx, avx2, aes, clmul, bmi1, bmi2, adx, sha, fma, vzeroupper, clflush, clflushopt, hv
Processor Information for all 8 processors :
  Max Mhz: 2100, Current Mhz: 2100, Mhz Limit: 2100

Memory: 4k page, system-wide physical 7103M (244M free)
TotalPageFile size 20269M (AvailPageFile size 6M)
current process WorkingSet (physical memory assigned to process): 9M, peak: 9M
current process commit charge ("private bytes"): 16M, peak: 17M

vm_info: OpenJDK 64-Bit Server VM (17.0.10+0--11609105) for windows-amd64 JRE (17.0.10+0--11609105), built on Mar 21 2024 19:10:56 by "androidbuild" with MS VC++ 16.10 / 16.11 (VS2019)

END.
